<?xml version="1.0" encoding="UTF-8"?>
<persistence xmlns="http://xmlns.jcp.org/xml/ns/persistence"
             xmlns:xsi="http://www.w3.org/2001/XMLSchema-instance"
             xsi:schemaLocation="http://xmlns.jcp.org/xml/ns/persistence http://xmlns.jcp.org/xml/ns/persistence/persistence_2_1.xsd"
             version="2.1">

    <persistence-unit name="test">
        <jta-data-source>jdbc/arquillian</jta-data-source>
        <properties>
            <property name="hibernate.hbm2ddl.auto" value="create-drop"/>
            <property name="hibernate.show_sql" value="true"/>
        </properties>
    </persistence-unit>


<!-- 

 <persistence-unit name="test" transaction-type="JTA">
        <provider>org.hibernate.ejb.HibernatePersistence</provider>
        <class>com.mahe.poc.unittest.entity.EmployeeEntity</class>
        <class>com.mahe.poc.unittest.entity.DepartmentEntity</class>
        <properties>
        	<property name="javax.persistence.jdbc.driver" value="org.h2.Driver"/>
        	<property name="javax.persistence.jdbc.url" value="jdbc:h2:./db/repository"/>
        	<property name="hibernate.dialect" value="org.hibernate.dialect.H2Dialect"/>
            <property name="hibernate.hbm2ddl.auto" value="create-drop"/>
            <property name="hibernate.show_sql" value="true"/>
         	<property name="hibernate.generateDdl" value="true" />
        </properties>
    </persistence-unit>

 -->
</persistence>